Summary of SPARK analysis
=========================

-------------------------------------------------------------------------------------------------------------------
SPARK Analysis results        Total       Flow   Interval   CodePeer                 Provers   Justified   Unproved
-------------------------------------------------------------------------------------------------------------------
Data Dependencies                 .          .          .          .                       .           .          .
Flow Dependencies                 .          .          .          .                       .           .          .
Initialization                    7          7          .          .                       .           .          .
Non-Aliasing                      .          .          .          .                       .           .          .
Run-time Checks                  15          .          .          .               15 (CVC4)           .          .
Assertions                        7          .          .          .    7 (CVC4 87%, Z3 13%)           .          .
Functional Contracts              3          .          .          .                3 (CVC4)           .          .
LSP Verification                  .          .          .          .                       .           .          .
-------------------------------------------------------------------------------------------------------------------
Total                            32    7 (22%)          .          .                25 (78%)           .          .


Analyzed 2 units
in unit main, 0 subprograms and packages out of 1 analyzed
  Main at main.adb:4 skipped
in unit selection, 3 subprograms and packages out of 3 analyzed
  Selection at selection.ads:1 flow analyzed (0 errors, 0 checks and 0 warnings) and proved (0 checks)
  Selection.Sort at selection.ads:10 flow analyzed (0 errors, 0 checks and 0 warnings) and proved (21 checks)
  Selection.Sorted at selection.ads:4 flow analyzed (0 errors, 0 checks and 0 warnings) and proved (4 checks)
