selection.adb:12:20: info: overflow check proved[#13]
selection.adb:14:35: info: initialization of "idxMin" proved[#0]
selection.adb:14:35: info: loop invariant preservation proved[#7]
selection.adb:14:35: info: loop invariant initialization proved[#9]
selection.adb:15:35: info: loop invariant preservation proved[#27]
selection.adb:15:35: info: loop invariant initialization proved[#30]
selection.adb:15:54: info: overflow check proved[#10]
selection.adb:15:62: info: initialization of "idxMin" proved[#1]
selection.adb:15:62: info: index check proved[#11]
selection.adb:15:73: info: index check proved[#16]
selection.adb:17:19: info: initialization of "idxMin" proved[#2]
selection.adb:17:19: info: index check proved[#26]
selection.adb:17:32: info: index check proved[#25]
selection.adb:23:13: info: initialization of "idxMin" proved[#3]
selection.adb:25:27: info: initialization of "idxMin" proved[#4]
selection.adb:25:27: info: index check proved[#15]
selection.adb:26:16: info: index check proved[#14]
selection.adb:26:24: info: initialization of "idxMin" proved[#5]
selection.adb:26:27: info: initialization of "Temp" proved[#6]
selection.adb:30:13: info: loop invariant preservation proved[#17]
selection.adb:30:13: info: loop invariant initialization proved[#18]
selection.adb:31:31: info: overflow check proved[#19]
selection.adb:32:23: info: index check proved[#21]
selection.adb:32:32: info: index check proved[#22]
selection.adb:36:21: info: assertion proved[#24]
selection.adb:36:21: info: precondition proved[#31]
selection.ads:5:39: info: overflow check proved[#12]
selection.ads:5:48: info: index check proved[#29]
selection.ads:5:58: info: index check proved[#23]
selection.ads:5:58: info: overflow check proved[#28]
selection.ads:14:16: info: precondition proved[#8]
selection.ads:14:16: info: postcondition proved[#20]
